<?xml version="1.0" encoding="UTF-8"?>
<testng-results skipped="0" failed="0" total="1" passed="1">
  <reporter-output>
  </reporter-output>
  <suite name="Default suite" duration-ms="4023" started-at="2022-02-24T08:22:25Z" finished-at="2022-02-24T08:22:29Z">
    <groups>
    </groups>
    <test name="Default test" duration-ms="4023" started-at="2022-02-24T08:22:25Z" finished-at="2022-02-24T08:22:29Z">
      <class name="APITesting.com.org.api.JasonServerRequestsPOST">
        <test-method status="PASS" signature="PostRequestwithJSONObject()[pri:1, instance:APITesting.com.org.api.JasonServerRequestsPOST@2b98378d]" name="PostRequestwithJSONObject" duration-ms="3992" started-at="2022-02-24T13:52:25Z" finished-at="2022-02-24T13:52:29Z">
          <reporter-output>
          </reporter-output>
        </test-method> <!-- PostRequestwithJSONObject -->
      </class> <!-- APITesting.com.org.api.JasonServerRequestsPOST -->
    </test> <!-- Default test -->
  </suite> <!-- Default suite -->
</testng-results>
